<?xml version="1.0" encoding="UTF-8"?>
<!-- Generated by org.testng.reporters.JUnitXMLReporter -->
<testsuite hostname="DESKTOP-R0QK2O8" ignored="1" name="Test Run" tests="8" failures="0" timestamp="20 Apr 2019 15:58:47 GMT" time="0.208" errors="0">
  <testcase name="testcase8" time="0.014" classname="day7.TestngTesting"/>
  <testcase name="testcase10" time="0.007" classname="day7.TestingExample"/>
  <testcase name="testcase11" time="0.005" classname="day7.TestingExample"/>
  <testcase name="testcase19" time="0.009" classname="day7.TestingExample"/>
  <testcase name="testcase9" time="0.025" classname="day7.TestingExample"/>
  <testcase name="testcase7" time="0.002" classname="day7.TestngTesting"/>
  <testcase name="testcase1" time="0.005" classname="day7.TestngTesting"/>
  <testcase name="testcase4" time="0.003" classname="day7.TestngTesting"/>
  <testcase name="testcase3" time="0.0" classname="day7.TestngTesting">
    <ignored/>
  </testcase> <!-- testcase3 -->
</testsuite> <!-- Test Run -->
