<?xml version="1.0" encoding="UTF-8"?>
<!-- Generated by org.testng.reporters.JUnitXMLReporter -->
<testsuite hostname="DESKTOP-R0QK2O8" ignored="2" name="Test Run 2" tests="2" failures="0" timestamp="20 Apr 2019 16:45:10 GMT" time="0.03" errors="0">
  <testcase name="testcase19" time="0.005" classname="day7.TestingExample"/>
  <testcase name="testcase9" time="0.007" classname="day7.TestingExample"/>
  <testcase name="testcase10" time="0.0" classname="day7.TestingExample">
    <ignored/>
  </testcase> <!-- testcase10 -->
  <testcase name="testcase11" time="0.0" classname="day7.TestingExample">
    <ignored/>
  </testcase> <!-- testcase11 -->
</testsuite> <!-- Test Run 2 -->
