<?xml version="1.0" encoding="UTF-8"?>
<!-- Generated by org.testng.reporters.JUnitXMLReporter -->
<testsuite hostname="DESKTOP-R0QK2O8" ignored="3" name="Test Run 1" tests="2" failures="0" timestamp="20 Apr 2019 16:45:10 GMT" time="0.108" errors="0">
  <testcase name="testcase7" time="0.019" classname="day7.TestngTesting"/>
  <testcase name="testcase4" time="0.009" classname="day7.TestngTesting"/>
  <testcase name="testcase1" time="0.0" classname="day7.TestngTesting">
    <ignored/>
  </testcase> <!-- testcase1 -->
  <testcase name="testcase8" time="0.0" classname="day7.TestngTesting">
    <ignored/>
  </testcase> <!-- testcase8 -->
  <testcase name="testcase3" time="0.0" classname="day7.TestngTesting">
    <ignored/>
  </testcase> <!-- testcase3 -->
</testsuite> <!-- Test Run 1 -->
